<?xml version="1.0" encoding="UTF-8"?>
<testsuite xmlns:xsi="http://www.w3.org/2001/XMLSchema-instance" xsi:noNamespaceSchemaLocation="https://maven.apache.org/surefire/maven-surefire-plugin/xsd/surefire-test-report.xsd" name="TestSuite" time="59.259" tests="7" errors="0" skipped="0" failures="1">
  <properties>
[...]
</properties>
  <testcase name="loginUser" classname="com.seleniume2e.test.LoginTest" time="1.715"/>
  <testcase name="loginUser" classname="com.seleniume2e.test.LoginTest" time="1.394"/>
  <testcase name="loginUser" classname="com.seleniume2e.test.LoginTest" time="1.607"/>
  <testcase name="getItemNames" classname="com.seleniume2e.test.GreenKartTest" time="1.241"/>
  <testcase name="getItemNames" classname="com.seleniume2e.test.GreenKartTest" time="0.402"/>
  <testcase name="getItemNames" classname="com.seleniume2e.test.GreenKartTest" time="1.462"/>
  <testcase name="getItemNames" classname="com.seleniume2e.test.GreenKartTest" time="2.722">
    <failure message="element click intercepted: Element &lt;li class=&quot;disabled&quot;&gt;...&lt;/li&gt; is not clickable at point (1104, 135). Other element would receive the click: &lt;ul class=&quot;pagination pull-right&quot; aria-label=&quot;Pagination&quot;&gt;...&lt;/ul&gt;&#10;  (Session info: chrome=88.0.4324.182)&#10;Build info: version: &apos;3.141.59&apos;, revision: &apos;e82be7d358&apos;, time: &apos;2018-11-14T08:17:03&apos;&#10;System info: host: &apos;MYPC&apos;, ip: &apos;192.168.1.16&apos;, os.name: &apos;Windows 8.1&apos;, os.arch: &apos;amd64&apos;, os.version: &apos;6.3&apos;, java.version: &apos;14&apos;&#10;Driver info: org.openqa.selenium.chrome.ChromeDriver&#10;Capabilities {acceptInsecureCerts: false, browserName: chrome, browserVersion: 88.0.4324.182, chrome: {chromedriverVersion: 88.0.4324.96 (68dba2d8a0b14..., userDataDir: C:\Users\anuplab\AppData\Lo...}, goog:chromeOptions: {debuggerAddress: localhost:55644}, javascriptEnabled: true, networkConnectionEnabled: false, pageLoadStrategy: normal, platform: WINDOWS, platformName: WINDOWS, proxy: Proxy(), setWindowRect: true, strictFileInteractability: false, timeouts: {implicit: 0, pageLoad: 300000, script: 30000}, unhandledPromptBehavior: dismiss and notify, webauthn:extension:largeBlob: true, webauthn:virtualAuthenticators: true}&#10;Session ID: 377c8c4650c2f3dc2c424cac398fb763" type="org.openqa.selenium.ElementClickInterceptedException"><![CDATA[org.openqa.selenium.ElementClickInterceptedException: 
element click intercepted: Element <li class="disabled">...</li> is not clickable at point (1104, 135). Other element would receive the click: <ul class="pagination pull-right" aria-label="Pagination">...</ul>
  (Session info: chrome=88.0.4324.182)
Build info: version: '3.141.59', revision: 'e82be7d358', time: '2018-11-14T08:17:03'
System info: host: 'MYPC', ip: '192.168.1.16', os.name: 'Windows 8.1', os.arch: 'amd64', os.version: '6.3', java.version: '14'
Driver info: org.openqa.selenium.chrome.ChromeDriver
Capabilities {acceptInsecureCerts: false, browserName: chrome, browserVersion: 88.0.4324.182, chrome: {chromedriverVersion: 88.0.4324.96 (68dba2d8a0b14..., userDataDir: C:\Users\anuplab\AppData\Lo...}, goog:chromeOptions: {debuggerAddress: localhost:55644}, javascriptEnabled: true, networkConnectionEnabled: false, pageLoadStrategy: normal, platform: WINDOWS, platformName: WINDOWS, proxy: Proxy(), setWindowRect: true, strictFileInteractability: false, timeouts: {implicit: 0, pageLoad: 300000, script: 30000}, unhandledPromptBehavior: dismiss and notify, webauthn:extension:largeBlob: true, webauthn:virtualAuthenticators: true}
Session ID: 377c8c4650c2f3dc2c424cac398fb763
	at com.seleniume2e.test.GreenKartTest.getItemNames(GreenKartTest.java:44)
]]></failure>
    <system-err><![CDATA[Starting ChromeDriver 88.0.4324.96 (68dba2d8a0b149a1d3afac56fa74648032bcf46b-refs/branch-heads/4324@{#1784}) on port 21837
Only local connections are allowed.
Please see https://chromedriver.chromium.org/security-considerations for suggestions on keeping ChromeDriver safe.
ChromeDriver was started successfully.
Feb 21, 2021 4:18:11 PM org.openqa.selenium.remote.ProtocolHandshake createSession
INFO: Detected dialect: W3C
]]></system-err>
  </testcase>
</testsuite>