<?xml version="1.0" encoding="UTF-8"?>
<testng-results ignored="0" total="8" passed="7" failed="1" skipped="0">
  <reporter-output>
  </reporter-output>
  <suite started-at="2021-02-28T10:51:07Z" name="Automation Test Suite" finished-at="2021-02-28T10:52:53Z" duration-ms="106445">
    <groups>
    </groups>
    <test started-at="2021-02-28T10:51:07Z" name="Login Test" finished-at="2021-02-28T10:51:39Z" duration-ms="32074">
      <class name="com.seleniume2e.test.LoginTest">
        <test-method is-config="true" signature="initialize()[pri:0, instance:com.seleniume2e.test.LoginTest@2abf4075]" started-at="2021-02-28T10:51:09Z" name="initialize" finished-at="2021-02-28T10:51:19Z" duration-ms="9822" status="PASS">
          <reporter-output>
          </reporter-output>
        </test-method> <!-- initialize -->
        <test-method signature="loginUser(java.lang.String, java.lang.String)[pri:0, instance:com.seleniume2e.test.LoginTest@2abf4075]" started-at="2021-02-28T10:51:19Z" name="loginUser" data-provider="getData" finished-at="2021-02-28T10:51:21Z" duration-ms="2169" status="PASS">
          <params>
            <param index="0">
              <value>
                <![CDATA[abc@xyz.com]]>
              </value>
            </param>
            <param index="1">
              <value>
                <![CDATA[1234abc]]>
              </value>
            </param>
          </params>
          <reporter-output>
          </reporter-output>
        </test-method> <!-- loginUser -->
        <test-method is-config="true" signature="tearDown()[pri:0, instance:com.seleniume2e.test.LoginTest@2abf4075]" started-at="2021-02-28T10:51:21Z" name="tearDown" finished-at="2021-02-28T10:51:22Z" duration-ms="926" status="PASS">
          <reporter-output>
          </reporter-output>
        </test-method> <!-- tearDown -->
        <test-method is-config="true" signature="initialize()[pri:0, instance:com.seleniume2e.test.LoginTest@2abf4075]" started-at="2021-02-28T10:51:22Z" name="initialize" finished-at="2021-02-28T10:51:27Z" duration-ms="5002" status="PASS">
          <reporter-output>
          </reporter-output>
        </test-method> <!-- initialize -->
        <test-method signature="loginUser(java.lang.String, java.lang.String)[pri:0, instance:com.seleniume2e.test.LoginTest@2abf4075]" started-at="2021-02-28T10:51:27Z" name="loginUser" data-provider="getData" finished-at="2021-02-28T10:51:29Z" duration-ms="2169" status="PASS">
          <params>
            <param index="0">
              <value>
                <![CDATA[gth@tyr.com]]>
              </value>
            </param>
            <param index="1">
              <value>
                <![CDATA[afsf222]]>
              </value>
            </param>
          </params>
          <reporter-output>
          </reporter-output>
        </test-method> <!-- loginUser -->
        <test-method is-config="true" signature="tearDown()[pri:0, instance:com.seleniume2e.test.LoginTest@2abf4075]" started-at="2021-02-28T10:51:30Z" name="tearDown" finished-at="2021-02-28T10:51:31Z" duration-ms="887" status="PASS">
          <reporter-output>
          </reporter-output>
        </test-method> <!-- tearDown -->
        <test-method is-config="true" signature="initialize()[pri:0, instance:com.seleniume2e.test.LoginTest@2abf4075]" started-at="2021-02-28T10:51:31Z" name="initialize" finished-at="2021-02-28T10:51:36Z" duration-ms="4915" status="PASS">
          <reporter-output>
          </reporter-output>
        </test-method> <!-- initialize -->
        <test-method signature="loginUser(java.lang.String, java.lang.String)[pri:0, instance:com.seleniume2e.test.LoginTest@2abf4075]" started-at="2021-02-28T10:51:36Z" name="loginUser" data-provider="getData" finished-at="2021-02-28T10:51:38Z" duration-ms="2023" status="PASS">
          <params>
            <param index="0">
              <value>
                <![CDATA[afsfa@faa.com]]>
              </value>
            </param>
            <param index="1">
              <value>
                <![CDATA[afs234jj]]>
              </value>
            </param>
          </params>
          <reporter-output>
          </reporter-output>
        </test-method> <!-- loginUser -->
        <test-method is-config="true" signature="tearDown()[pri:0, instance:com.seleniume2e.test.LoginTest@2abf4075]" started-at="2021-02-28T10:51:38Z" name="tearDown" finished-at="2021-02-28T10:51:39Z" duration-ms="812" status="PASS">
          <reporter-output>
          </reporter-output>
        </test-method> <!-- tearDown -->
      </class> <!-- com.seleniume2e.test.LoginTest -->
    </test> <!-- Login Test -->
    <test started-at="2021-02-28T10:51:41Z" name="E-commerce Test" finished-at="2021-02-28T10:52:18Z" duration-ms="37134">
      <class name="com.seleniume2e.test.GreenKartTest">
        <test-method is-config="true" signature="initialization()[pri:0, instance:com.seleniume2e.test.GreenKartTest@2bfc268b]" started-at="2021-02-28T10:51:41Z" name="initialization" finished-at="2021-02-28T10:51:46Z" duration-ms="5168" status="PASS">
          <reporter-output>
          </reporter-output>
        </test-method> <!-- initialization -->
        <test-method signature="getItemNames(java.lang.String)[pri:0, instance:com.seleniume2e.test.GreenKartTest@2bfc268b]" started-at="2021-02-28T10:51:46Z" name="getItemNames" data-provider="getVegetables" finished-at="2021-02-28T10:51:48Z" duration-ms="2176" status="PASS">
          <params>
            <param index="0">
              <value>
                <![CDATA[Brinjal]]>
              </value>
            </param>
          </params>
          <reporter-output>
          </reporter-output>
        </test-method> <!-- getItemNames -->
        <test-method is-config="true" signature="tearDown()[pri:0, instance:com.seleniume2e.test.GreenKartTest@2bfc268b]" started-at="2021-02-28T10:51:49Z" name="tearDown" finished-at="2021-02-28T10:51:50Z" duration-ms="937" status="PASS">
          <reporter-output>
          </reporter-output>
        </test-method> <!-- tearDown -->
        <test-method is-config="true" signature="initialization()[pri:0, instance:com.seleniume2e.test.GreenKartTest@2bfc268b]" started-at="2021-02-28T10:51:50Z" name="initialization" finished-at="2021-02-28T10:51:54Z" duration-ms="4853" status="PASS">
          <reporter-output>
          </reporter-output>
        </test-method> <!-- initialization -->
        <test-method signature="getItemNames(java.lang.String)[pri:0, instance:com.seleniume2e.test.GreenKartTest@2bfc268b]" started-at="2021-02-28T10:51:54Z" name="getItemNames" data-provider="getVegetables" finished-at="2021-02-28T10:51:56Z" duration-ms="1263" status="PASS">
          <params>
            <param index="0">
              <value>
                <![CDATA[Potato]]>
              </value>
            </param>
          </params>
          <reporter-output>
          </reporter-output>
        </test-method> <!-- getItemNames -->
        <test-method is-config="true" signature="tearDown()[pri:0, instance:com.seleniume2e.test.GreenKartTest@2bfc268b]" started-at="2021-02-28T10:51:56Z" name="tearDown" finished-at="2021-02-28T10:51:57Z" duration-ms="805" status="PASS">
          <reporter-output>
          </reporter-output>
        </test-method> <!-- tearDown -->
        <test-method is-config="true" signature="initialization()[pri:0, instance:com.seleniume2e.test.GreenKartTest@2bfc268b]" started-at="2021-02-28T10:51:57Z" name="initialization" finished-at="2021-02-28T10:52:03Z" duration-ms="5760" status="PASS">
          <reporter-output>
          </reporter-output>
        </test-method> <!-- initialization -->
        <test-method signature="getItemNames(java.lang.String)[pri:0, instance:com.seleniume2e.test.GreenKartTest@2bfc268b]" started-at="2021-02-28T10:52:03Z" name="getItemNames" data-provider="getVegetables" finished-at="2021-02-28T10:52:05Z" duration-ms="2342" status="PASS">
          <params>
            <param index="0">
              <value>
                <![CDATA[Apple]]>
              </value>
            </param>
          </params>
          <reporter-output>
          </reporter-output>
        </test-method> <!-- getItemNames -->
        <test-method is-config="true" signature="tearDown()[pri:0, instance:com.seleniume2e.test.GreenKartTest@2bfc268b]" started-at="2021-02-28T10:52:05Z" name="tearDown" finished-at="2021-02-28T10:52:08Z" duration-ms="2560" status="PASS">
          <reporter-output>
          </reporter-output>
        </test-method> <!-- tearDown -->
        <test-method is-config="true" signature="initialization()[pri:0, instance:com.seleniume2e.test.GreenKartTest@2bfc268b]" started-at="2021-02-28T10:52:08Z" name="initialization" finished-at="2021-02-28T10:52:13Z" duration-ms="5123" status="PASS">
          <reporter-output>
          </reporter-output>
        </test-method> <!-- initialization -->
        <test-method signature="getItemNames(java.lang.String)[pri:0, instance:com.seleniume2e.test.GreenKartTest@2bfc268b]" started-at="2021-02-28T10:52:13Z" name="getItemNames" data-provider="getVegetables" finished-at="2021-02-28T10:52:16Z" duration-ms="3214" status="FAIL">
          <params>
            <param index="0">
              <value>
                <![CDATA[abcd]]>
              </value>
            </param>
          </params>
          <exception class="org.openqa.selenium.ElementClickInterceptedException">
            <message>
              <![CDATA[element click intercepted: Element <li class="disabled">...</li> is not clickable at point (1104, 135). Other element would receive the click: <ul class="pagination pull-right" aria-label="Pagination">...</ul>
  (Session info: chrome=88.0.4324.190)
Build info: version: '3.141.59', revision: 'e82be7d358', time: '2018-11-14T08:17:03'
System info: host: 'MYPC', ip: '192.168.1.16', os.name: 'Windows 8.1', os.arch: 'amd64', os.version: '6.3', java.version: '14'
Driver info: org.openqa.selenium.chrome.ChromeDriver
Capabilities {acceptInsecureCerts: false, browserName: chrome, browserVersion: 88.0.4324.190, chrome: {chromedriverVersion: 88.0.4324.96 (68dba2d8a0b14..., userDataDir: C:\Users\anuplab\AppData\Lo...}, goog:chromeOptions: {debuggerAddress: localhost:54137}, javascriptEnabled: true, networkConnectionEnabled: false, pageLoadStrategy: normal, platform: WINDOWS, platformName: WINDOWS, proxy: Proxy(), setWindowRect: true, strictFileInteractability: false, timeouts: {implicit: 0, pageLoad: 300000, script: 30000}, unhandledPromptBehavior: dismiss and notify, webauthn:extension:largeBlob: true, webauthn:virtualAuthenticators: true}
Session ID: 99635df214b553acb0a9a0998cad1467]]>
            </message>
            <full-stacktrace>
              <![CDATA[org.openqa.selenium.ElementClickInterceptedException: element click intercepted: Element <li class="disabled">...</li> is not clickable at point (1104, 135). Other element would receive the click: <ul class="pagination pull-right" aria-label="Pagination">...</ul>
  (Session info: chrome=88.0.4324.190)
Build info: version: '3.141.59', revision: 'e82be7d358', time: '2018-11-14T08:17:03'
System info: host: 'MYPC', ip: '192.168.1.16', os.name: 'Windows 8.1', os.arch: 'amd64', os.version: '6.3', java.version: '14'
Driver info: org.openqa.selenium.chrome.ChromeDriver
Capabilities {acceptInsecureCerts: false, browserName: chrome, browserVersion: 88.0.4324.190, chrome: {chromedriverVersion: 88.0.4324.96 (68dba2d8a0b14..., userDataDir: C:\Users\anuplab\AppData\Lo...}, goog:chromeOptions: {debuggerAddress: localhost:54137}, javascriptEnabled: true, networkConnectionEnabled: false, pageLoadStrategy: normal, platform: WINDOWS, platformName: WINDOWS, proxy: Proxy(), setWindowRect: true, strictFileInteractability: false, timeouts: {implicit: 0, pageLoad: 300000, script: 30000}, unhandledPromptBehavior: dismiss and notify, webauthn:extension:largeBlob: true, webauthn:virtualAuthenticators: true}
Session ID: 99635df214b553acb0a9a0998cad1467
at java.base/jdk.internal.reflect.NativeConstructorAccessorImpl.newInstance0(Native Method)
at java.base/jdk.internal.reflect.NativeConstructorAccessorImpl.newInstance(NativeConstructorAccessorImpl.java:62)
at java.base/jdk.internal.reflect.DelegatingConstructorAccessorImpl.newInstance(DelegatingConstructorAccessorImpl.java:45)
at java.base/java.lang.reflect.Constructor.newInstanceWithCaller(Constructor.java:500)
at java.base/java.lang.reflect.Constructor.newInstance(Constructor.java:481)
at org.openqa.selenium.remote.http.W3CHttpResponseCodec.createException(W3CHttpResponseCodec.java:187)
at org.openqa.selenium.remote.http.W3CHttpResponseCodec.decode(W3CHttpResponseCodec.java:122)
at org.openqa.selenium.remote.http.W3CHttpResponseCodec.decode(W3CHttpResponseCodec.java:49)
at org.openqa.selenium.remote.HttpCommandExecutor.execute(HttpCommandExecutor.java:158)
at org.openqa.selenium.remote.service.DriverCommandExecutor.execute(DriverCommandExecutor.java:83)
at org.openqa.selenium.remote.RemoteWebDriver.execute(RemoteWebDriver.java:552)
at org.openqa.selenium.remote.RemoteWebElement.execute(RemoteWebElement.java:285)
at org.openqa.selenium.remote.RemoteWebElement.click(RemoteWebElement.java:84)
at com.seleniume2e.pageobject.GreenKartPage.getItem(GreenKartPage.java:33)
at com.seleniume2e.test.GreenKartTest.getItemNames(GreenKartTest.java:44)
at java.base/jdk.internal.reflect.NativeMethodAccessorImpl.invoke0(Native Method)
at java.base/jdk.internal.reflect.NativeMethodAccessorImpl.invoke(NativeMethodAccessorImpl.java:62)
at java.base/jdk.internal.reflect.DelegatingMethodAccessorImpl.invoke(DelegatingMethodAccessorImpl.java:43)
at java.base/java.lang.reflect.Method.invoke(Method.java:564)
at org.testng.internal.MethodInvocationHelper.invokeMethod(MethodInvocationHelper.java:124)
at org.testng.internal.Invoker.invokeMethod(Invoker.java:583)
at org.testng.internal.Invoker.invokeTestMethod(Invoker.java:719)
at org.testng.internal.Invoker.invokeTestMethods(Invoker.java:989)
at org.testng.internal.TestMethodWorker.invokeTestMethods(TestMethodWorker.java:125)
at org.testng.internal.TestMethodWorker.run(TestMethodWorker.java:109)
at org.testng.TestRunner.privateRun(TestRunner.java:648)
at org.testng.TestRunner.run(TestRunner.java:505)
at org.testng.SuiteRunner.runTest(SuiteRunner.java:455)
at org.testng.SuiteRunner.runSequentially(SuiteRunner.java:450)
at org.testng.SuiteRunner.privateRun(SuiteRunner.java:415)
at org.testng.SuiteRunner.run(SuiteRunner.java:364)
at org.testng.SuiteRunnerWorker.runSuite(SuiteRunnerWorker.java:52)
at org.testng.SuiteRunnerWorker.run(SuiteRunnerWorker.java:84)
at org.testng.TestNG.runSuitesSequentially(TestNG.java:1208)
at org.testng.TestNG.runSuitesLocally(TestNG.java:1137)
at org.testng.TestNG.runSuites(TestNG.java:1049)
at org.testng.TestNG.run(TestNG.java:1017)
at org.apache.maven.surefire.testng.TestNGExecutor.run(TestNGExecutor.java:283)
at org.apache.maven.surefire.testng.TestNGXmlTestSuite.execute(TestNGXmlTestSuite.java:75)
at org.apache.maven.surefire.testng.TestNGProvider.invoke(TestNGProvider.java:120)
at org.apache.maven.surefire.booter.ForkedBooter.invokeProviderInSameClassLoader(ForkedBooter.java:384)
at org.apache.maven.surefire.booter.ForkedBooter.runSuitesInProcess(ForkedBooter.java:345)
at org.apache.maven.surefire.booter.ForkedBooter.execute(ForkedBooter.java:126)
at org.apache.maven.surefire.booter.ForkedBooter.main(ForkedBooter.java:418)
]]>
            </full-stacktrace>
          </exception> <!-- org.openqa.selenium.ElementClickInterceptedException -->
          <reporter-output>
          </reporter-output>
        </test-method> <!-- getItemNames -->
        <test-method is-config="true" signature="tearDown()[pri:0, instance:com.seleniume2e.test.GreenKartTest@2bfc268b]" started-at="2021-02-28T10:52:17Z" name="tearDown" finished-at="2021-02-28T10:52:18Z" duration-ms="939" status="PASS">
          <reporter-output>
          </reporter-output>
        </test-method> <!-- tearDown -->
      </class> <!-- com.seleniume2e.test.GreenKartTest -->
    </test> <!-- E-commerce Test -->
    <test started-at="2021-02-28T10:52:18Z" name="Cab booking Test" finished-at="2021-02-28T10:52:53Z" duration-ms="35472">
      <class name="com.seleniume2e.test.SavaariTest">
        <test-method is-config="true" signature="initialize()[pri:0, instance:com.seleniume2e.test.SavaariTest@1ba9117e]" started-at="2021-02-28T10:52:18Z" name="initialize" finished-at="2021-02-28T10:52:27Z" duration-ms="8667" status="PASS">
          <reporter-output>
          </reporter-output>
        </test-method> <!-- initialize -->
        <test-method signature="enterUserDetails()[pri:0, instance:com.seleniume2e.test.SavaariTest@1ba9117e]" started-at="2021-02-28T10:52:27Z" name="enterUserDetails" finished-at="2021-02-28T10:52:52Z" duration-ms="25210" status="PASS">
          <reporter-output>
          </reporter-output>
        </test-method> <!-- enterUserDetails -->
        <test-method is-config="true" signature="tearDown()[pri:0, instance:com.seleniume2e.test.SavaariTest@1ba9117e]" started-at="2021-02-28T10:52:52Z" name="tearDown" finished-at="2021-02-28T10:52:53Z" duration-ms="1011" status="PASS">
          <reporter-output>
          </reporter-output>
        </test-method> <!-- tearDown -->
      </class> <!-- com.seleniume2e.test.SavaariTest -->
    </test> <!-- Cab booking Test -->
  </suite> <!-- Automation Test Suite -->
</testng-results>
