<?xml version="1.0" encoding="UTF-8"?>
<testng-results ignored="0" total="1" passed="1" failed="0" skipped="0">
  <reporter-output>
  </reporter-output>
  <suite started-at="2021-02-27T12:34:35Z" name="Default suite" finished-at="2021-02-27T12:35:10Z" duration-ms="35475">
    <groups>
    </groups>
    <test started-at="2021-02-27T12:34:35Z" name="Default test" finished-at="2021-02-27T12:35:10Z" duration-ms="35475">
      <class name="com.seleniume2e.test.SavaariTest">
        <test-method is-config="true" signature="initialize()[pri:0, instance:com.seleniume2e.test.SavaariTest@a4102b8]" started-at="2021-02-27T12:34:35Z" name="initialize" finished-at="2021-02-27T12:34:47Z" duration-ms="11741" status="PASS">
          <reporter-output>
          </reporter-output>
        </test-method> <!-- initialize -->
        <test-method signature="enterUserDetails()[pri:0, instance:com.seleniume2e.test.SavaariTest@a4102b8]" started-at="2021-02-27T12:34:47Z" name="enterUserDetails" finished-at="2021-02-27T12:35:09Z" duration-ms="22752" status="PASS">
          <reporter-output>
          </reporter-output>
        </test-method> <!-- enterUserDetails -->
        <test-method is-config="true" signature="tearDown()[pri:0, instance:com.seleniume2e.test.SavaariTest@a4102b8]" started-at="2021-02-27T12:35:09Z" name="tearDown" finished-at="2021-02-27T12:35:10Z" duration-ms="905" status="PASS">
          <reporter-output>
          </reporter-output>
        </test-method> <!-- tearDown -->
      </class> <!-- com.seleniume2e.test.SavaariTest -->
    </test> <!-- Default test -->
  </suite> <!-- Default suite -->
</testng-results>
