<?xml version="1.0" encoding="UTF-8"?>
<!-- Generated by org.testng.reporters.JUnitXMLReporter -->
<testsuite ignored="0" hostname="Mypc" failures="0" tests="3" name="Login Test" time="32.074" errors="0" timestamp="28 Feb 2021 10:51:39 GMT">
  <testcase classname="com.seleniume2e.test.LoginTest" name="loginUser" time="2.169"/>
  <testcase classname="com.seleniume2e.test.LoginTest" name="loginUser" time="2.169"/>
  <testcase classname="com.seleniume2e.test.LoginTest" name="loginUser" time="2.023"/>
</testsuite> <!-- Login Test -->
