<?xml version="1.0" encoding="UTF-8"?>
<!-- Generated by org.testng.reporters.JUnitXMLReporter -->
<testsuite ignored="0" hostname="Mypc" failures="0" tests="3" name="Login Test" time="25.957" errors="0" timestamp="21 Feb 2021 10:47:47 GMT">
  <testcase classname="com.seleniume2e.test.LoginTest" name="loginUser" time="1.708"/>
  <testcase classname="com.seleniume2e.test.LoginTest" name="loginUser" time="1.388"/>
  <testcase classname="com.seleniume2e.test.LoginTest" name="loginUser" time="1.612"/>
</testsuite> <!-- Login Test -->
